#
# There is insufficient memory for the Java Runtime Environment to continue.
# Native memory allocation (mmap) failed to map 322961408 bytes for G1 virtual space
# Possible reasons:
#   The system is out of physical RAM or swap space
#   The process is running with CompressedOops enabled, and the Java Heap may be blocking the growth of the native heap
# Possible solutions:
#   Reduce memory load on the system
#   Increase physical memory or swap space
#   Check if swap backing store is full
#   Decrease Java heap size (-Xmx/-Xms)
#   Decrease number of Java threads
#   Decrease Java thread stack sizes (-Xss)
#   Set larger code cache with -XX:ReservedCodeCacheSize=
#   JVM is running with Unscaled Compressed Oops mode in which the Java heap is
#     placed in the first 4GB address space. The Java Heap base address is the
#     maximum limit for the native heap growth. Please use -XX:HeapBaseMinAddress
#     to set the Java Heap base and to place the Java Heap above 4GB virtual address.
# This output file may be truncated or incomplete.
#
#  Out of Memory Error (os_windows.cpp:3552), pid=14548, tid=7012
#
# JRE version: Java(TM) SE Runtime Environment (17.0.9+11) (build 17.0.9+11-LTS-201)
# Java VM: Java HotSpot(TM) 64-Bit Server VM (17.0.9+11-LTS-201, mixed mode, emulated-client, sharing, tiered, compressed oops, compressed class ptrs, g1 gc, windows-amd64)
# No core dump will be written. Minidumps are not enabled by default on client versions of Windows
#

---------------  S U M M A R Y ------------

Command Line: -Dcom.sun.management.jmxremote -Dcom.sun.management.jmxremote.port=61714 -Dcom.sun.management.jmxremote.authenticate=false -Dcom.sun.management.jmxremote.ssl=false -Djava.rmi.server.hostname=localhost -Dspring.jmx.enabled=true -Dmanagement.endpoints.jmx.exposure.include=* -Dspring.application.admin.enabled=true -XX:TieredStopAtLevel=1 -Dspring.boot.project.name=AgenceUniversiteItalie-Back -Dfile.encoding=UTF-8 -XX:+ShowCodeDetailsInExceptionMessages Agence.AgenceUniversiteItalie_backEnd.AgenceUniversiteItalieBackEndApplication --spring.output.ansi.enabled=always

Host: Intel(R) Core(TM) i3-10110U CPU @ 2.10GHz, 4 cores, 7G,  Windows 11 , 64 bit Build 22621 (10.0.22621.4974)
Time: Fri Apr 18 01:05:21 2025 Afr. centrale Ouest elapsed time: 529.524329 seconds (0d 0h 8m 49s)

---------------  T H R E A D  ---------------

Current thread (0x000001f4f3f022d0):  VMThread "VM Thread" [stack: 0x000000266ab00000,0x000000266ac00000] [id=7012]

Stack: [0x000000266ab00000,0x000000266ac00000]
Native frames: (J=compiled Java code, j=interpreted, Vv=VM code, C=native code)
V  [jvm.dll+0x678a4a]
V  [jvm.dll+0x7d9cfd]
V  [jvm.dll+0x7db60e]
V  [jvm.dll+0x7dbc73]
V  [jvm.dll+0x245e1f]
V  [jvm.dll+0x6758f9]
V  [jvm.dll+0x66a2a2]
V  [jvm.dll+0x303686]
V  [jvm.dll+0x30ac06]
V  [jvm.dll+0x35a48e]
V  [jvm.dll+0x35a6bf]
V  [jvm.dll+0x2da678]
V  [jvm.dll+0x2d8a85]
V  [jvm.dll+0x2d808c]
V  [jvm.dll+0x31b97b]
V  [jvm.dll+0x7e048b]
V  [jvm.dll+0x7e11c4]
V  [jvm.dll+0x7e16dd]
V  [jvm.dll+0x7e1ab4]
V  [jvm.dll+0x7e1b80]
V  [jvm.dll+0x78998a]
V  [jvm.dll+0x677875]
C  [ucrtbase.dll+0x29333]
C  [KERNEL32.DLL+0x1259d]
C  [ntdll.dll+0x5af38]

VM_Operation (0x000000266d6f8570): G1CollectForAllocation, mode: safepoint, requested by thread 0x000001f4fb153240


---------------  P R O C E S S  ---------------

Threads class SMR info:
_java_thread_list=0x000001f4c51da010, length=36, elements={
0x000001f4f3f05ed0, 0x000001f4f3f06d50, 0x000001f4f3f177a0, 0x000001f4f3f19630,
0x000001f4f3f1a4b0, 0x000001f4f3f21790, 0x000001f4f3f2a210, 0x000001f4f3f2ac10,
0x000001f4f3eee8f0, 0x000001f4f81f7550, 0x000001f4f87a8860, 0x000001f4f87ab110,
0x000001f4f87c64a0, 0x000001f4f8c16b20, 0x000001f4f8c69920, 0x000001f4f8c69e30,
0x000001f4f8c689f0, 0x000001f4f8c6a850, 0x000001f4f8c675b0, 0x000001f4f8c67ac0,
0x000001f4f8c684e0, 0x000001f4fb153750, 0x000001f4fb14f580, 0x000001f4fb154b90,
0x000001f4fb150ed0, 0x000001f4fb155fd0, 0x000001f4fb1564e0, 0x000001f4fb153240,
0x000001f4fb155ac0, 0x000001f4fb14f070, 0x000001f4fb1555b0, 0x000001f4fb152310,
0x000001f4fb14fa90, 0x000001f4fb14ffa0, 0x000001f4fb153c60, 0x000001f4fb1518f0
}

Java Threads: ( => current thread )
  0x000001f4f3f05ed0 JavaThread "Reference Handler" daemon [_thread_blocked, id=904, stack(0x000000266ac00000,0x000000266ad00000)]
  0x000001f4f3f06d50 JavaThread "Finalizer" daemon [_thread_blocked, id=5768, stack(0x000000266ad00000,0x000000266ae00000)]
  0x000001f4f3f177a0 JavaThread "Signal Dispatcher" daemon [_thread_blocked, id=4068, stack(0x000000266ae00000,0x000000266af00000)]
  0x000001f4f3f19630 JavaThread "Attach Listener" daemon [_thread_blocked, id=6176, stack(0x000000266af00000,0x000000266b000000)]
  0x000001f4f3f1a4b0 JavaThread "Service Thread" daemon [_thread_blocked, id=6148, stack(0x000000266b000000,0x000000266b100000)]
  0x000001f4f3f21790 JavaThread "Monitor Deflation Thread" daemon [_thread_blocked, id=10068, stack(0x000000266b100000,0x000000266b200000)]
  0x000001f4f3f2a210 JavaThread "C1 CompilerThread0" daemon [_thread_blocked, id=8756, stack(0x000000266b200000,0x000000266b300000)]
  0x000001f4f3f2ac10 JavaThread "Sweeper thread" daemon [_thread_blocked, id=14736, stack(0x000000266b300000,0x000000266b400000)]
  0x000001f4f3eee8f0 JavaThread "Common-Cleaner" daemon [_thread_blocked, id=15264, stack(0x000000266b400000,0x000000266b500000)]
  0x000001f4f81f7550 JavaThread "Notification Thread" daemon [_thread_blocked, id=136, stack(0x000000266b700000,0x000000266b800000)]
  0x000001f4f87a8860 JavaThread "RMI TCP Accept-0" daemon [_thread_in_native, id=14056, stack(0x000000266b800000,0x000000266b900000)]
  0x000001f4f87ab110 JavaThread "RMI TCP Accept-61714" daemon [_thread_in_native, id=10752, stack(0x000000266b900000,0x000000266ba00000)]
  0x000001f4f87c64a0 JavaThread "RMI TCP Accept-0" daemon [_thread_in_native, id=5704, stack(0x000000266ba00000,0x000000266bb00000)]
  0x000001f4f8c16b20 JavaThread "RMI Scheduler(0)" daemon [_thread_blocked, id=5256, stack(0x000000266c200000,0x000000266c300000)]
  0x000001f4f8c69920 JavaThread "JMX server connection timeout 24" daemon [_thread_blocked, id=8864, stack(0x000000266c600000,0x000000266c700000)]
  0x000001f4f8c69e30 JavaThread "mysql-cj-abandoned-connection-cleanup" daemon [_thread_blocked, id=5836, stack(0x000000266c800000,0x000000266c900000)]
  0x000001f4f8c689f0 JavaThread "HikariPool-1 housekeeper" daemon [_thread_blocked, id=13984, stack(0x000000266ca00000,0x000000266cb00000)]
  0x000001f4f8c6a850 JavaThread "Catalina-utility-1" [_thread_blocked, id=14820, stack(0x000000266cc00000,0x000000266cd00000)]
  0x000001f4f8c675b0 JavaThread "Catalina-utility-2" [_thread_blocked, id=2800, stack(0x000000266cd00000,0x000000266ce00000)]
  0x000001f4f8c67ac0 JavaThread "container-0" [_thread_blocked, id=10032, stack(0x000000266ce00000,0x000000266cf00000)]
  0x000001f4f8c684e0 JavaThread "File Watcher" daemon [_thread_blocked, id=15124, stack(0x000000266cf00000,0x000000266d000000)]
  0x000001f4fb153750 JavaThread "Live Reload Server" daemon [_thread_in_native, id=15632, stack(0x000000266d100000,0x000000266d200000)]
  0x000001f4fb14f580 JavaThread "http-nio-8082-exec-1" daemon [_thread_blocked, id=5108, stack(0x000000266d000000,0x000000266d100000)]
  0x000001f4fb154b90 JavaThread "http-nio-8082-exec-2" daemon [_thread_blocked, id=13512, stack(0x000000266d200000,0x000000266d300000)]
  0x000001f4fb150ed0 JavaThread "http-nio-8082-exec-3" daemon [_thread_blocked, id=12440, stack(0x000000266d300000,0x000000266d400000)]
  0x000001f4fb155fd0 JavaThread "http-nio-8082-exec-4" daemon [_thread_blocked, id=11556, stack(0x000000266d400000,0x000000266d500000)]
  0x000001f4fb1564e0 JavaThread "http-nio-8082-exec-5" daemon [_thread_blocked, id=13428, stack(0x000000266d500000,0x000000266d600000)]
  0x000001f4fb153240 JavaThread "http-nio-8082-exec-6" daemon [_thread_blocked, id=4668, stack(0x000000266d600000,0x000000266d700000)]
  0x000001f4fb155ac0 JavaThread "http-nio-8082-exec-7" daemon [_thread_blocked, id=10092, stack(0x000000266d700000,0x000000266d800000)]
  0x000001f4fb14f070 JavaThread "http-nio-8082-exec-8" daemon [_thread_blocked, id=14880, stack(0x000000266d800000,0x000000266d900000)]
  0x000001f4fb1555b0 JavaThread "http-nio-8082-exec-9" daemon [_thread_blocked, id=15556, stack(0x000000266d900000,0x000000266da00000)]
  0x000001f4fb152310 JavaThread "http-nio-8082-exec-10" daemon [_thread_blocked, id=15132, stack(0x000000266da00000,0x000000266db00000)]
  0x000001f4fb14fa90 JavaThread "http-nio-8082-Poller" daemon [_thread_blocked, id=15536, stack(0x000000266db00000,0x000000266dc00000)]
  0x000001f4fb14ffa0 JavaThread "http-nio-8082-Acceptor" daemon [_thread_in_native, id=13132, stack(0x000000266dc00000,0x000000266dd00000)]
  0x000001f4fb153c60 JavaThread "DestroyJavaVM" [_thread_blocked, id=14740, stack(0x000000266a500000,0x000000266a600000)]
  0x000001f4fb1518f0 JavaThread "RMI TCP Connection(idle)" daemon [_thread_blocked, id=10084, stack(0x000000266a200000,0x000000266a300000)]

Other Threads:
=>0x000001f4f3f022d0 VMThread "VM Thread" [stack: 0x000000266ab00000,0x000000266ac00000] [id=7012]
  0x000001f4f87c6980 WatcherThread [stack: 0x000000266bb00000,0x000000266bc00000] [id=12392]
  0x000001f4e28ae420 GCTaskThread "GC Thread#0" [stack: 0x000000266a600000,0x000000266a700000] [id=6496]
  0x000001f4f886ef80 GCTaskThread "GC Thread#1" [stack: 0x000000266bc00000,0x000000266bd00000] [id=2504]
  0x000001f4f8866460 GCTaskThread "GC Thread#2" [stack: 0x000000266bd00000,0x000000266be00000] [id=6184]
  0x000001f4f88c4090 GCTaskThread "GC Thread#3" [stack: 0x000000266be00000,0x000000266bf00000] [id=15488]
  0x000001f4e28bee70 ConcurrentGCThread "G1 Main Marker" [stack: 0x000000266a700000,0x000000266a800000] [id=1936]
  0x000001f4e28c1030 ConcurrentGCThread "G1 Conc#0" [stack: 0x000000266a800000,0x000000266a900000] [id=15240]
  0x000001f4f3dc20c0 ConcurrentGCThread "G1 Refine#0" [stack: 0x000000266a900000,0x000000266aa00000] [id=8304]
  0x000001f4f886e7b0 ConcurrentGCThread "G1 Refine#1" [stack: 0x000000266bf00000,0x000000266c000000] [id=14008]
  0x000001f4f88b3210 ConcurrentGCThread "G1 Refine#2" [stack: 0x000000266c000000,0x000000266c100000] [id=15232]
  0x000001f4f3dc2af0 ConcurrentGCThread "G1 Service" [stack: 0x000000266aa00000,0x000000266ab00000] [id=15780]

Threads with active compile tasks:

VM state: at safepoint (normal execution)

VM Mutex/Monitor currently owned by a thread:  ([mutex/lock_event])
[0x000001f4e06ab260] Threads_lock - owner thread: 0x000001f4f3f022d0
[0x000001f4e06aa180] Heap_lock - owner thread: 0x000001f4fb153240

OutOfMemory and StackOverflow Exception counts:
StackOverflowErrors=5
LinkageErrors=153

Heap address: 0x0000000082800000, size: 2008 MB, Compressed Oops mode: 32-bit

CDS archive(s) mapped at: [0x000001f480000000-0x000001f480bd0000-0x000001f480bd0000), size 12386304, SharedBaseAddress: 0x000001f480000000, ArchiveRelocationMode: 1.
Compressed class space mapped at: 0x000001f481000000-0x000001f4c1000000, reserved size: 1073741824
Narrow klass base: 0x000001f480000000, Narrow klass shift: 0, Narrow klass range: 0x100000000

GC Precious Log:
 CPUs: 4 total, 4 available
 Memory: 8029M
 Large Page Support: Disabled
 NUMA Support: Disabled
 Compressed Oops: Enabled (32-bit)
 Heap Region Size: 1M
 Heap Min Capacity: 8M
 Heap Initial Capacity: 126M
 Heap Max Capacity: 2008M
 Pre-touch: Disabled
 Parallel Workers: 4
 Concurrent Workers: 1
 Concurrent Refinement Workers: 4
 Periodic GC: Disabled

Heap:
 garbage-first heap   total 221184K, used 41300K [0x0000000082800000, 0x0000000100000000)
  region size 1024K, 1 young (1024K), 1 survivors (1024K)
 Metaspace       used 76537K, committed 77312K, reserved 1179648K
  class space    used 11444K, committed 11840K, reserved 1048576K

Heap Regions: E=young(eden), S=young(survivor), O=old, HS=humongous(starts), HC=humongous(continues), CS=collection set, F=free, OA=open archive, CA=closed archive, TAMS=top-at-mark-start (previous, next)
|   0|0x0000000082800000, 0x0000000082900000, 0x0000000082900000|100%|HS|  |TAMS 0x0000000082900000, 0x0000000082800000| Complete 
|   1|0x0000000082900000, 0x0000000082a00000, 0x0000000082a00000|100%|HS|  |TAMS 0x0000000082a00000, 0x0000000082900000| Complete 
|   2|0x0000000082a00000, 0x0000000082b00000, 0x0000000082b00000|100%| O|  |TAMS 0x0000000082b00000, 0x0000000082a00000| Untracked 
|   3|0x0000000082b00000, 0x0000000082c00000, 0x0000000082c00000|100%| O|  |TAMS 0x0000000082c00000, 0x0000000082b00000| Untracked 
|   4|0x0000000082c00000, 0x0000000082d00000, 0x0000000082d00000|100%| O|  |TAMS 0x0000000082d00000, 0x0000000082c00000| Untracked 
|   5|0x0000000082d00000, 0x0000000082e00000, 0x0000000082e00000|100%| O|  |TAMS 0x0000000082e00000, 0x0000000082d00000| Untracked 
|   6|0x0000000082e00000, 0x0000000082f00000, 0x0000000082f00000|100%| O|  |TAMS 0x0000000082f00000, 0x0000000082e00000| Untracked 
|   7|0x0000000082f00000, 0x0000000083000000, 0x0000000083000000|100%| O|  |TAMS 0x0000000083000000, 0x0000000082f00000| Untracked 
|   8|0x0000000083000000, 0x0000000083100000, 0x0000000083100000|100%| O|  |TAMS 0x0000000083100000, 0x0000000083000000| Untracked 
|   9|0x0000000083100000, 0x0000000083200000, 0x0000000083200000|100%| O|  |TAMS 0x0000000083200000, 0x0000000083100000| Untracked 
|  10|0x0000000083200000, 0x0000000083300000, 0x0000000083300000|100%| O|  |TAMS 0x0000000083300000, 0x0000000083200000| Untracked 
|  11|0x0000000083300000, 0x0000000083400000, 0x0000000083400000|100%| O|  |TAMS 0x0000000083400000, 0x0000000083300000| Untracked 
|  12|0x0000000083400000, 0x0000000083500000, 0x0000000083500000|100%| O|  |TAMS 0x0000000083500000, 0x0000000083400000| Untracked 
|  13|0x0000000083500000, 0x0000000083600000, 0x0000000083600000|100%| O|  |TAMS 0x0000000083600000, 0x0000000083500000| Untracked 
|  14|0x0000000083600000, 0x0000000083700000, 0x0000000083700000|100%| O|  |TAMS 0x0000000083700000, 0x0000000083600000| Untracked 
|  15|0x0000000083700000, 0x0000000083800000, 0x0000000083800000|100%| O|  |TAMS 0x0000000083700000, 0x0000000083700000| Untracked 
|  16|0x0000000083800000, 0x0000000083900000, 0x0000000083900000|100%| O|  |TAMS 0x0000000083800000, 0x0000000083800000| Untracked 
|  17|0x0000000083900000, 0x0000000083a00000, 0x0000000083a00000|100%| O|  |TAMS 0x0000000083900000, 0x0000000083900000| Untracked 
|  18|0x0000000083a00000, 0x0000000083b00000, 0x0000000083b00000|100%| O|  |TAMS 0x0000000083a00000, 0x0000000083a00000| Untracked 
|  19|0x0000000083b00000, 0x0000000083c00000, 0x0000000083c00000|100%| O|  |TAMS 0x0000000083c00000, 0x0000000083b00000| Untracked 
|  20|0x0000000083c00000, 0x0000000083d00000, 0x0000000083d00000|100%| O|  |TAMS 0x0000000083d00000, 0x0000000083c00000| Untracked 
|  21|0x0000000083d00000, 0x0000000083e00000, 0x0000000083e00000|100%| O|  |TAMS 0x0000000083e00000, 0x0000000083d00000| Untracked 
|  22|0x0000000083e00000, 0x0000000083f00000, 0x0000000083f00000|100%| O|  |TAMS 0x0000000083f00000, 0x0000000083e00000| Untracked 
|  23|0x0000000083f00000, 0x0000000084000000, 0x0000000084000000|100%| O|  |TAMS 0x0000000084000000, 0x0000000083f00000| Untracked 
|  24|0x0000000084000000, 0x0000000084100000, 0x0000000084100000|100%| O|  |TAMS 0x0000000084100000, 0x0000000084000000| Untracked 
|  25|0x0000000084100000, 0x0000000084200000, 0x0000000084200000|100%| O|  |TAMS 0x0000000084100000, 0x0000000084100000| Untracked 
|  26|0x0000000084200000, 0x0000000084300000, 0x0000000084300000|100%| O|  |TAMS 0x0000000084200000, 0x0000000084200000| Untracked 
|  27|0x0000000084300000, 0x0000000084400000, 0x0000000084400000|100%| O|  |TAMS 0x0000000084300000, 0x0000000084300000| Untracked 
|  28|0x0000000084400000, 0x0000000084500000, 0x0000000084500000|100%| O|  |TAMS 0x0000000084400000, 0x0000000084400000| Untracked 
|  29|0x0000000084500000, 0x0000000084600000, 0x0000000084600000|100%| O|  |TAMS 0x0000000084600000, 0x0000000084500000| Untracked 
|  30|0x0000000084600000, 0x0000000084700000, 0x0000000084700000|100%| O|  |TAMS 0x0000000084700000, 0x0000000084600000| Untracked 
|  31|0x0000000084700000, 0x0000000084800000, 0x0000000084800000|100%| O|  |TAMS 0x0000000084800000, 0x0000000084700000| Untracked 
|  32|0x0000000084800000, 0x0000000084900000, 0x0000000084900000|100%| O|  |TAMS 0x000000008484b408, 0x0000000084800000| Untracked 
|  33|0x0000000084900000, 0x0000000084a00000, 0x0000000084a00000|100%| O|  |TAMS 0x0000000084900000, 0x0000000084900000| Untracked 
|  34|0x0000000084a00000, 0x0000000084b00000, 0x0000000084b00000|100%| O|  |TAMS 0x0000000084a00000, 0x0000000084a00000| Untracked 
|  35|0x0000000084b00000, 0x0000000084c00000, 0x0000000084c00000|100%| O|  |TAMS 0x0000000084b00000, 0x0000000084b00000| Untracked 
|  36|0x0000000084c00000, 0x0000000084d00000, 0x0000000084d00000|100%| O|  |TAMS 0x0000000084c00000, 0x0000000084c00000| Untracked 
|  37|0x0000000084d00000, 0x0000000084e00000, 0x0000000084e00000|100%| O|  |TAMS 0x0000000084d00000, 0x0000000084d00000| Untracked 
|  38|0x0000000084e00000, 0x0000000084f00000, 0x0000000084f00000|100%| O|  |TAMS 0x0000000084e00000, 0x0000000084e00000| Untracked 
|  39|0x0000000084f00000, 0x0000000085000000, 0x0000000085000000|100%| O|  |TAMS 0x0000000084f00000, 0x0000000084f00000| Untracked 
|  40|0x0000000085000000, 0x0000000085043c00, 0x0000000085100000| 26%| O|  |TAMS 0x0000000085000000, 0x0000000085000000| Untracked 
|  41|0x0000000085100000, 0x0000000085100000, 0x0000000085200000|  0%| F|  |TAMS 0x0000000085100000, 0x0000000085100000| Untracked 
|  42|0x0000000085200000, 0x0000000085200000, 0x0000000085300000|  0%| F|  |TAMS 0x0000000085200000, 0x0000000085200000| Untracked 
|  43|0x0000000085300000, 0x0000000085300000, 0x0000000085400000|  0%| F|  |TAMS 0x0000000085300000, 0x0000000085300000| Untracked 
|  44|0x0000000085400000, 0x0000000085400000, 0x0000000085500000|  0%| F|  |TAMS 0x0000000085400000, 0x0000000085400000| Untracked 
|  45|0x0000000085500000, 0x0000000085500000, 0x0000000085600000|  0%| F|  |TAMS 0x0000000085500000, 0x0000000085500000| Untracked 
|  46|0x0000000085600000, 0x0000000085600000, 0x0000000085700000|  0%| F|  |TAMS 0x0000000085600000, 0x0000000085600000| Untracked 
|  47|0x0000000085700000, 0x0000000085700000, 0x0000000085800000|  0%| F|  |TAMS 0x0000000085700000, 0x0000000085700000| Untracked 
|  48|0x0000000085800000, 0x0000000085800000, 0x0000000085900000|  0%| F|  |TAMS 0x0000000085800000, 0x0000000085800000| Untracked 
|  49|0x0000000085900000, 0x0000000085900000, 0x0000000085a00000|  0%| F|  |TAMS 0x0000000085900000, 0x0000000085900000| Untracked 
|  50|0x0000000085a00000, 0x0000000085a00000, 0x0000000085b00000|  0%| F|  |TAMS 0x0000000085a00000, 0x0000000085a00000| Untracked 
|  51|0x0000000085b00000, 0x0000000085b00000, 0x0000000085c00000|  0%| F|  |TAMS 0x0000000085b00000, 0x0000000085b00000| Untracked 
|  52|0x0000000085c00000, 0x0000000085c00000, 0x0000000085d00000|  0%| F|  |TAMS 0x0000000085c00000, 0x0000000085c00000| Untracked 
|  53|0x0000000085d00000, 0x0000000085d00000, 0x0000000085e00000|  0%| F|  |TAMS 0x0000000085d00000, 0x0000000085d00000| Untracked 
|  54|0x0000000085e00000, 0x0000000085e00000, 0x0000000085f00000|  0%| F|  |TAMS 0x0000000085e00000, 0x0000000085e00000| Untracked 
|  55|0x0000000085f00000, 0x0000000085f00000, 0x0000000086000000|  0%| F|  |TAMS 0x0000000085f00000, 0x0000000085f00000| Untracked 
|  56|0x0000000086000000, 0x0000000086000000, 0x0000000086100000|  0%| F|  |TAMS 0x0000000086000000, 0x0000000086000000| Untracked 
|  57|0x0000000086100000, 0x0000000086100000, 0x0000000086200000|  0%| F|  |TAMS 0x0000000086100000, 0x0000000086100000| Untracked 
|  58|0x0000000086200000, 0x0000000086200000, 0x0000000086300000|  0%| F|  |TAMS 0x0000000086200000, 0x0000000086200000| Untracked 
|  59|0x0000000086300000, 0x0000000086300000, 0x0000000086400000|  0%| F|  |TAMS 0x0000000086300000, 0x0000000086300000| Untracked 
|  60|0x0000000086400000, 0x0000000086400000, 0x0000000086500000|  0%| F|  |TAMS 0x0000000086400000, 0x0000000086400000| Untracked 
|  61|0x0000000086500000, 0x0000000086500000, 0x0000000086600000|  0%| F|  |TAMS 0x0000000086500000, 0x0000000086500000| Untracked 
|  62|0x0000000086600000, 0x0000000086600000, 0x0000000086700000|  0%| F|  |TAMS 0x0000000086600000, 0x0000000086600000| Untracked 
|  63|0x0000000086700000, 0x0000000086700000, 0x0000000086800000|  0%| F|  |TAMS 0x0000000086700000, 0x0000000086700000| Untracked 
|  64|0x0000000086800000, 0x0000000086800000, 0x0000000086900000|  0%| F|  |TAMS 0x0000000086800000, 0x0000000086800000| Untracked 
|  65|0x0000000086900000, 0x0000000086900000, 0x0000000086a00000|  0%| F|  |TAMS 0x0000000086900000, 0x0000000086900000| Untracked 
|  66|0x0000000086a00000, 0x0000000086a00000, 0x0000000086b00000|  0%| F|  |TAMS 0x0000000086a00000, 0x0000000086a00000| Untracked 
|  67|0x0000000086b00000, 0x0000000086b00000, 0x0000000086c00000|  0%| F|  |TAMS 0x0000000086b00000, 0x0000000086b00000| Untracked 
|  68|0x0000000086c00000, 0x0000000086c00000, 0x0000000086d00000|  0%| F|  |TAMS 0x0000000086c00000, 0x0000000086c00000| Untracked 
|  69|0x0000000086d00000, 0x0000000086d00000, 0x0000000086e00000|  0%| F|  |TAMS 0x0000000086d00000, 0x0000000086d00000| Untracked 
|  70|0x0000000086e00000, 0x0000000086e00000, 0x0000000086f00000|  0%| F|  |TAMS 0x0000000086e00000, 0x0000000086e00000| Untracked 
|  71|0x0000000086f00000, 0x0000000086f00000, 0x0000000087000000|  0%| F|  |TAMS 0x0000000086f00000, 0x0000000086f00000| Untracked 
|  72|0x0000000087000000, 0x0000000087000000, 0x0000000087100000|  0%| F|  |TAMS 0x0000000087000000, 0x0000000087000000| Untracked 
|  73|0x0000000087100000, 0x0000000087100000, 0x0000000087200000|  0%| F|  |TAMS 0x0000000087100000, 0x0000000087100000| Untracked 
|  74|0x0000000087200000, 0x0000000087200000, 0x0000000087300000|  0%| F|  |TAMS 0x0000000087200000, 0x0000000087200000| Untracked 
|  75|0x0000000087300000, 0x0000000087300000, 0x0000000087400000|  0%| F|  |TAMS 0x0000000087300000, 0x0000000087300000| Untracked 
|  76|0x0000000087400000, 0x0000000087400000, 0x0000000087500000|  0%| F|  |TAMS 0x0000000087400000, 0x0000000087400000| Untracked 
|  77|0x0000000087500000, 0x0000000087500000, 0x0000000087600000|  0%| F|  |TAMS 0x0000000087500000, 0x0000000087500000| Untracked 
|  78|0x0000000087600000, 0x0000000087600000, 0x0000000087700000|  0%| F|  |TAMS 0x0000000087600000, 0x0000000087600000| Untracked 
|  79|0x0000000087700000, 0x0000000087700000, 0x0000000087800000|  0%| F|  |TAMS 0x0000000087700000, 0x0000000087700000| Untracked 
|  80|0x0000000087800000, 0x0000000087800000, 0x0000000087900000|  0%| F|  |TAMS 0x0000000087800000, 0x0000000087800000| Untracked 
|  81|0x0000000087900000, 0x0000000087900000, 0x0000000087a00000|  0%| F|  |TAMS 0x0000000087900000, 0x0000000087900000| Untracked 
|  82|0x0000000087a00000, 0x0000000087a00000, 0x0000000087b00000|  0%| F|  |TAMS 0x0000000087a00000, 0x0000000087a00000| Untracked 
|  83|0x0000000087b00000, 0x0000000087b00000, 0x0000000087c00000|  0%| F|  |TAMS 0x0000000087b00000, 0x0000000087b00000| Untracked 
|  84|0x0000000087c00000, 0x0000000087c00000, 0x0000000087d00000|  0%| F|  |TAMS 0x0000000087c00000, 0x0000000087c00000| Untracked 
|  85|0x0000000087d00000, 0x0000000087d00000, 0x0000000087e00000|  0%| F|  |TAMS 0x0000000087d00000, 0x0000000087d00000| Untracked 
|  86|0x0000000087e00000, 0x0000000087e00000, 0x0000000087f00000|  0%| F|  |TAMS 0x0000000087e00000, 0x0000000087e00000| Untracked 
|  87|0x0000000087f00000, 0x0000000087f00000, 0x0000000088000000|  0%| F|  |TAMS 0x0000000087f00000, 0x0000000087f00000| Untracked 
|  88|0x0000000088000000, 0x0000000088000000, 0x0000000088100000|  0%| F|  |TAMS 0x0000000088000000, 0x0000000088000000| Untracked 
|  89|0x0000000088100000, 0x0000000088100000, 0x0000000088200000|  0%| F|  |TAMS 0x0000000088100000, 0x0000000088100000| Untracked 
|  90|0x0000000088200000, 0x0000000088200000, 0x0000000088300000|  0%| F|  |TAMS 0x0000000088200000, 0x0000000088200000| Untracked 
|  91|0x0000000088300000, 0x0000000088300000, 0x0000000088400000|  0%| F|  |TAMS 0x0000000088300000, 0x0000000088300000| Untracked 
|  92|0x0000000088400000, 0x0000000088400000, 0x0000000088500000|  0%| F|  |TAMS 0x0000000088400000, 0x0000000088400000| Untracked 
|  93|0x0000000088500000, 0x0000000088500000, 0x0000000088600000|  0%| F|  |TAMS 0x0000000088500000, 0x0000000088500000| Untracked 
|  94|0x0000000088600000, 0x0000000088600000, 0x0000000088700000|  0%| F|  |TAMS 0x0000000088600000, 0x0000000088600000| Untracked 
|  95|0x0000000088700000, 0x0000000088700000, 0x0000000088800000|  0%| F|  |TAMS 0x0000000088700000, 0x0000000088700000| Untracked 
|  96|0x0000000088800000, 0x0000000088800000, 0x0000000088900000|  0%| F|  |TAMS 0x0000000088800000, 0x0000000088800000| Untracked 
|  97|0x0000000088900000, 0x0000000088900000, 0x0000000088a00000|  0%| F|  |TAMS 0x0000000088900000, 0x0000000088900000| Untracked 
|  98|0x0000000088a00000, 0x0000000088a00000, 0x0000000088b00000|  0%| F|  |TAMS 0x0000000088a00000, 0x0000000088a00000| Untracked 
|  99|0x0000000088b00000, 0x0000000088b00000, 0x0000000088c00000|  0%| F|  |TAMS 0x0000000088b00000, 0x0000000088b00000| Untracked 
| 100|0x0000000088c00000, 0x0000000088c00000, 0x0000000088d00000|  0%| F|  |TAMS 0x0000000088c00000, 0x0000000088c00000| Untracked 
| 101|0x0000000088d00000, 0x0000000088d00000, 0x0000000088e00000|  0%| F|  |TAMS 0x0000000088d00000, 0x0000000088d00000| Untracked 
| 102|0x0000000088e00000, 0x0000000088e00000, 0x0000000088f00000|  0%| F|  |TAMS 0x0000000088e00000, 0x0000000088e00000| Untracked 
| 103|0x0000000088f00000, 0x0000000088f00000, 0x0000000089000000|  0%| F|  |TAMS 0x0000000088f00000, 0x0000000088f00000| Untracked 
| 104|0x0000000089000000, 0x0000000089000000, 0x0000000089100000|  0%| F|  |TAMS 0x0000000089000000, 0x0000000089000000| Untracked 
| 105|0x0000000089100000, 0x0000000089100000, 0x0000000089200000|  0%| F|  |TAMS 0x0000000089100000, 0x0000000089100000| Untracked 
| 106|0x0000000089200000, 0x0000000089200000, 0x0000000089300000|  0%| F|  |TAMS 0x0000000089200000, 0x0000000089200000| Untracked 
| 107|0x0000000089300000, 0x0000000089300000, 0x0000000089400000|  0%| F|  |TAMS 0x0000000089300000, 0x0000000089300000| Untracked 
| 108|0x0000000089400000, 0x0000000089400000, 0x0000000089500000|  0%| F|  |TAMS 0x0000000089400000, 0x0000000089400000| Untracked 
| 109|0x0000000089500000, 0x0000000089500000, 0x0000000089600000|  0%| F|  |TAMS 0x0000000089500000, 0x0000000089500000| Untracked 
| 110|0x0000000089600000, 0x0000000089600000, 0x0000000089700000|  0%| F|  |TAMS 0x0000000089600000, 0x0000000089600000| Untracked 
| 111|0x0000000089700000, 0x0000000089700000, 0x0000000089800000|  0%| F|  |TAMS 0x0000000089700000, 0x0000000089700000| Untracked 
| 112|0x0000000089800000, 0x0000000089800000, 0x0000000089900000|  0%| F|  |TAMS 0x0000000089800000, 0x0000000089800000| Untracked 
| 113|0x0000000089900000, 0x0000000089900000, 0x0000000089a00000|  0%| F|  |TAMS 0x0000000089900000, 0x0000000089900000| Untracked 
| 114|0x0000000089a00000, 0x0000000089a00000, 0x0000000089b00000|  0%| F|  |TAMS 0x0000000089a00000, 0x0000000089a00000| Untracked 
| 115|0x0000000089b00000, 0x0000000089b00000, 0x0000000089c00000|  0%| F|  |TAMS 0x0000000089b00000, 0x0000000089b00000| Untracked 
| 116|0x0000000089c00000, 0x0000000089c00000, 0x0000000089d00000|  0%| F|  |TAMS 0x0000000089c00000, 0x0000000089c00000| Untracked 
| 117|0x0000000089d00000, 0x0000000089d00000, 0x0000000089e00000|  0%| F|  |TAMS 0x0000000089d00000, 0x0000000089d00000| Untracked 
| 118|0x0000000089e00000, 0x0000000089e00000, 0x0000000089f00000|  0%| F|  |TAMS 0x0000000089e00000, 0x0000000089e00000| Untracked 
| 119|0x0000000089f00000, 0x0000000089f00000, 0x000000008a000000|  0%| F|  |TAMS 0x0000000089f00000, 0x0000000089f00000| Untracked 
| 120|0x000000008a000000, 0x000000008a000000, 0x000000008a100000|  0%| F|  |TAMS 0x000000008a000000, 0x000000008a000000| Untracked 
| 121|0x000000008a100000, 0x000000008a100000, 0x000000008a200000|  0%| F|  |TAMS 0x000000008a100000, 0x000000008a100000| Untracked 
| 122|0x000000008a200000, 0x000000008a200000, 0x000000008a300000|  0%| F|  |TAMS 0x000000008a200000, 0x000000008a200000| Untracked 
| 123|0x000000008a300000, 0x000000008a300000, 0x000000008a400000|  0%| F|  |TAMS 0x000000008a300000, 0x000000008a300000| Untracked 
| 124|0x000000008a400000, 0x000000008a400000, 0x000000008a500000|  0%| F|  |TAMS 0x000000008a400000, 0x000000008a400000| Untracked 
| 125|0x000000008a500000, 0x000000008a500000, 0x000000008a600000|  0%| F|  |TAMS 0x000000008a500000, 0x000000008a500000| Untracked 
| 126|0x000000008a600000, 0x000000008a600000, 0x000000008a700000|  0%| F|  |TAMS 0x000000008a600000, 0x000000008a600000| Untracked 
| 127|0x000000008a700000, 0x000000008a700000, 0x000000008a800000|  0%| F|  |TAMS 0x000000008a700000, 0x000000008a700000| Untracked 
| 128|0x000000008a800000, 0x000000008a800000, 0x000000008a900000|  0%| F|  |TAMS 0x000000008a800000, 0x000000008a800000| Untracked 
| 129|0x000000008a900000, 0x000000008a900000, 0x000000008aa00000|  0%| F|  |TAMS 0x000000008a900000, 0x000000008a900000| Untracked 
| 130|0x000000008aa00000, 0x000000008aa00000, 0x000000008ab00000|  0%| F|  |TAMS 0x000000008aa00000, 0x000000008aa00000| Untracked 
| 131|0x000000008ab00000, 0x000000008ab00000, 0x000000008ac00000|  0%| F|  |TAMS 0x000000008ab00000, 0x000000008ab00000| Untracked 
| 132|0x000000008ac00000, 0x000000008ac00000, 0x000000008ad00000|  0%| F|  |TAMS 0x000000008ac00000, 0x000000008ac00000| Untracked 
| 133|0x000000008ad00000, 0x000000008ad00000, 0x000000008ae00000|  0%| F|  |TAMS 0x000000008ad00000, 0x000000008ad00000| Untracked 
| 134|0x000000008ae00000, 0x000000008ae00000, 0x000000008af00000|  0%| F|  |TAMS 0x000000008ae00000, 0x000000008ae00000| Untracked 
| 135|0x000000008af00000, 0x000000008af00000, 0x000000008b000000|  0%| F|  |TAMS 0x000000008af00000, 0x000000008af00000| Untracked 
| 136|0x000000008b000000, 0x000000008b000000, 0x000000008b100000|  0%| F|  |TAMS 0x000000008b000000, 0x000000008b000000| Untracked 
| 137|0x000000008b100000, 0x000000008b100000, 0x000000008b200000|  0%| F|  |TAMS 0x000000008b100000, 0x000000008b100000| Untracked 
| 138|0x000000008b200000, 0x000000008b200000, 0x000000008b300000|  0%| F|  |TAMS 0x000000008b200000, 0x000000008b200000| Untracked 
| 139|0x000000008b300000, 0x000000008b300000, 0x000000008b400000|  0%| F|  |TAMS 0x000000008b300000, 0x000000008b300000| Untracked 
| 140|0x000000008b400000, 0x000000008b400000, 0x000000008b500000|  0%| F|  |TAMS 0x000000008b400000, 0x000000008b400000| Untracked 
| 141|0x000000008b500000, 0x000000008b500000, 0x000000008b600000|  0%| F|  |TAMS 0x000000008b500000, 0x000000008b500000| Untracked 
| 142|0x000000008b600000, 0x000000008b600000, 0x000000008b700000|  0%| F|  |TAMS 0x000000008b600000, 0x000000008b600000| Untracked 
| 143|0x000000008b700000, 0x000000008b700000, 0x000000008b800000|  0%| F|  |TAMS 0x000000008b700000, 0x000000008b700000| Untracked 
| 144|0x000000008b800000, 0x000000008b800000, 0x000000008b900000|  0%| F|  |TAMS 0x000000008b800000, 0x000000008b800000| Untracked 
| 145|0x000000008b900000, 0x000000008b900000, 0x000000008ba00000|  0%| F|  |TAMS 0x000000008b900000, 0x000000008b900000| Untracked 
| 146|0x000000008ba00000, 0x000000008ba00000, 0x000000008bb00000|  0%| F|  |TAMS 0x000000008ba00000, 0x000000008ba00000| Untracked 
| 147|0x000000008bb00000, 0x000000008bb00000, 0x000000008bc00000|  0%| F|  |TAMS 0x000000008bb00000, 0x000000008bb00000| Untracked 
| 148|0x000000008bc00000, 0x000000008bc00000, 0x000000008bd00000|  0%| F|  |TAMS 0x000000008bc00000, 0x000000008bc00000| Untracked 
| 149|0x000000008bd00000, 0x000000008bd00000, 0x000000008be00000|  0%| F|  |TAMS 0x000000008bd00000, 0x000000008bd00000| Untracked 
| 150|0x000000008be00000, 0x000000008be00000, 0x000000008bf00000|  0%| F|  |TAMS 0x000000008be00000, 0x000000008be00000| Untracked 
| 151|0x000000008bf00000, 0x000000008bf00000, 0x000000008c000000|  0%| F|  |TAMS 0x000000008bf00000, 0x000000008bf00000| Untracked 
| 152|0x000000008c000000, 0x000000008c000000, 0x000000008c100000|  0%| F|  |TAMS 0x000000008c000000, 0x000000008c000000| Untracked 
| 153|0x000000008c100000, 0x000000008c100000, 0x000000008c200000|  0%| F|  |TAMS 0x000000008c100000, 0x000000008c100000| Untracked 
| 154|0x000000008c200000, 0x000000008c200000, 0x000000008c300000|  0%| F|  |TAMS 0x000000008c200000, 0x000000008c200000| Untracked 
| 155|0x000000008c300000, 0x000000008c300000, 0x000000008c400000|  0%| F|  |TAMS 0x000000008c300000, 0x000000008c300000| Untracked 
| 156|0x000000008c400000, 0x000000008c400000, 0x000000008c500000|  0%| F|  |TAMS 0x000000008c400000, 0x000000008c400000| Untracked 
| 157|0x000000008c500000, 0x000000008c500000, 0x000000008c600000|  0%| F|  |TAMS 0x000000008c500000, 0x000000008c500000| Untracked 
| 158|0x000000008c600000, 0x000000008c600000, 0x000000008c700000|  0%| F|  |TAMS 0x000000008c600000, 0x000000008c600000| Untracked 
| 159|0x000000008c700000, 0x000000008c700000, 0x000000008c800000|  0%| F|  |TAMS 0x000000008c700000, 0x000000008c700000| Untracked 
| 160|0x000000008c800000, 0x000000008c800000, 0x000000008c900000|  0%| F|  |TAMS 0x000000008c800000, 0x000000008c800000| Untracked 
| 161|0x000000008c900000, 0x000000008c900000, 0x000000008ca00000|  0%| F|  |TAMS 0x000000008c900000, 0x000000008c900000| Untracked 
| 162|0x000000008ca00000, 0x000000008ca00000, 0x000000008cb00000|  0%| F|  |TAMS 0x000000008ca00000, 0x000000008ca00000| Untracked 
| 163|0x000000008cb00000, 0x000000008cb00000, 0x000000008cc00000|  0%| F|  |TAMS 0x000000008cb00000, 0x000000008cb00000| Untracked 
| 164|0x000000008cc00000, 0x000000008cc00000, 0x000000008cd00000|  0%| F|  |TAMS 0x000000008cc00000, 0x000000008cc00000| Untracked 
| 165|0x000000008cd00000, 0x000000008cd00000, 0x000000008ce00000|  0%| F|  |TAMS 0x000000008cd00000, 0x000000008cd00000| Untracked 
| 166|0x000000008ce00000, 0x000000008ce00000, 0x000000008cf00000|  0%| F|  |TAMS 0x000000008ce00000, 0x000000008ce00000| Untracked 
| 167|0x000000008cf00000, 0x000000008cf00000, 0x000000008d000000|  0%| F|  |TAMS 0x000000008cf00000, 0x000000008cf00000| Untracked 
| 168|0x000000008d000000, 0x000000008d000000, 0x000000008d100000|  0%| F|  |TAMS 0x000000008d000000, 0x000000008d000000| Untracked 
| 169|0x000000008d100000, 0x000000008d100000, 0x000000008d200000|  0%| F|  |TAMS 0x000000008d100000, 0x000000008d100000| Untracked 
| 170|0x000000008d200000, 0x000000008d200000, 0x000000008d300000|  0%| F|  |TAMS 0x000000008d200000, 0x000000008d200000| Untracked 
| 171|0x000000008d300000, 0x000000008d300000, 0x000000008d400000|  0%| F|  |TAMS 0x000000008d300000, 0x000000008d300000| Untracked 
| 172|0x000000008d400000, 0x000000008d400000, 0x000000008d500000|  0%| F|  |TAMS 0x000000008d400000, 0x000000008d400000| Untracked 
| 173|0x000000008d500000, 0x000000008d500000, 0x000000008d600000|  0%| F|  |TAMS 0x000000008d500000, 0x000000008d500000| Untracked 
| 174|0x000000008d600000, 0x000000008d600000, 0x000000008d700000|  0%| F|  |TAMS 0x000000008d600000, 0x000000008d600000| Untracked 
| 175|0x000000008d700000, 0x000000008d700000, 0x000000008d800000|  0%| F|  |TAMS 0x000000008d700000, 0x000000008d700000| Untracked 
| 176|0x000000008d800000, 0x000000008d800000, 0x000000008d900000|  0%| F|  |TAMS 0x000000008d800000, 0x000000008d800000| Untracked 
| 177|0x000000008d900000, 0x000000008d900000, 0x000000008da00000|  0%| F|  |TAMS 0x000000008d900000, 0x000000008d900000| Untracked 
| 178|0x000000008da00000, 0x000000008da00000, 0x000000008db00000|  0%| F|  |TAMS 0x000000008da00000, 0x000000008da00000| Untracked 
| 179|0x000000008db00000, 0x000000008db00000, 0x000000008dc00000|  0%| F|  |TAMS 0x000000008db00000, 0x000000008db00000| Untracked 
| 180|0x000000008dc00000, 0x000000008dc00000, 0x000000008dd00000|  0%| F|  |TAMS 0x000000008dc00000, 0x000000008dc00000| Untracked 
| 181|0x000000008dd00000, 0x000000008dd00000, 0x000000008de00000|  0%| F|  |TAMS 0x000000008dd00000, 0x000000008dd00000| Untracked 
| 182|0x000000008de00000, 0x000000008de00000, 0x000000008df00000|  0%| F|  |TAMS 0x000000008de00000, 0x000000008de00000| Untracked 
| 183|0x000000008df00000, 0x000000008df00000, 0x000000008e000000|  0%| F|  |TAMS 0x000000008df00000, 0x000000008df00000| Untracked 
| 184|0x000000008e000000, 0x000000008e000000, 0x000000008e100000|  0%| F|  |TAMS 0x000000008e000000, 0x000000008e000000| Untracked 
| 185|0x000000008e100000, 0x000000008e100000, 0x000000008e200000|  0%| F|  |TAMS 0x000000008e100000, 0x000000008e100000| Untracked 
| 186|0x000000008e200000, 0x000000008e200000, 0x000000008e300000|  0%| F|  |TAMS 0x000000008e200000, 0x000000008e200000| Untracked 
| 187|0x000000008e300000, 0x000000008e300000, 0x000000008e400000|  0%| F|  |TAMS 0x000000008e300000, 0x000000008e300000| Untracked 
| 188|0x000000008e400000, 0x000000008e400000, 0x000000008e500000|  0%| F|  |TAMS 0x000000008e400000, 0x000000008e400000| Untracked 
| 189|0x000000008e500000, 0x000000008e500000, 0x000000008e600000|  0%| F|  |TAMS 0x000000008e500000, 0x000000008e500000| Untracked 
| 190|0x000000008e600000, 0x000000008e600000, 0x000000008e700000|  0%| F|  |TAMS 0x000000008e600000, 0x000000008e600000| Untracked 
| 191|0x000000008e700000, 0x000000008e700000, 0x000000008e800000|  0%| F|  |TAMS 0x000000008e700000, 0x000000008e700000| Untracked 
| 192|0x000000008e800000, 0x000000008e800000, 0x000000008e900000|  0%| F|  |TAMS 0x000000008e800000, 0x000000008e800000| Untracked 
| 193|0x000000008e900000, 0x000000008e900000, 0x000000008ea00000|  0%| F|  |TAMS 0x000000008e900000, 0x000000008e900000| Untracked 
| 194|0x000000008ea00000, 0x000000008ea00000, 0x000000008eb00000|  0%| F|  |TAMS 0x000000008ea00000, 0x000000008ea00000| Untracked 
| 195|0x000000008eb00000, 0x000000008eb00000, 0x000000008ec00000|  0%| F|  |TAMS 0x000000008eb00000, 0x000000008eb00000| Untracked 
| 196|0x000000008ec00000, 0x000000008ec00000, 0x000000008ed00000|  0%| F|  |TAMS 0x000000008ec00000, 0x000000008ec00000| Untracked 
| 197|0x000000008ed00000, 0x000000008ed00000, 0x000000008ee00000|  0%| F|  |TAMS 0x000000008ed00000, 0x000000008ed00000| Untracked 
| 198|0x000000008ee00000, 0x000000008ee00000, 0x000000008ef00000|  0%| F|  |TAMS 0x000000008ee00000, 0x000000008ee00000| Untracked 
| 199|0x000000008ef00000, 0x000000008ef00000, 0x000000008f000000|  0%| F|  |TAMS 0x000000008ef00000, 0x000000008ef00000| Untracked 
| 200|0x000000008f000000, 0x000000008f000000, 0x000000008f100000|  0%| F|  |TAMS 0x000000008f000000, 0x000000008f000000| Untracked 
| 201|0x000000008f100000, 0x000000008f100000, 0x000000008f200000|  0%| F|  |TAMS 0x000000008f100000, 0x000000008f100000| Untracked 
| 202|0x000000008f200000, 0x000000008f200000, 0x000000008f300000|  0%| F|  |TAMS 0x000000008f200000, 0x000000008f200000| Untracked 
| 203|0x000000008f300000, 0x000000008f300000, 0x000000008f400000|  0%| F|  |TAMS 0x000000008f300000, 0x000000008f300000| Untracked 
| 204|0x000000008f400000, 0x000000008f400000, 0x000000008f500000|  0%| F|  |TAMS 0x000000008f400000, 0x000000008f400000| Untracked 
| 205|0x000000008f500000, 0x000000008f511740, 0x000000008f600000|  6%| S|CS|TAMS 0x000000008f500000, 0x000000008f500000| Complete 
| 206|0x000000008f600000, 0x000000008f600000, 0x000000008f700000|  0%| F|  |TAMS 0x000000008f600000, 0x000000008f600000| Untracked 
| 207|0x000000008f700000, 0x000000008f700000, 0x000000008f800000|  0%| F|  |TAMS 0x000000008f700000, 0x000000008f700000| Untracked 
| 208|0x000000008f800000, 0x000000008f800000, 0x000000008f900000|  0%| F|  |TAMS 0x000000008f800000, 0x000000008f800000| Untracked 
| 209|0x000000008f900000, 0x000000008f900000, 0x000000008fa00000|  0%| F|  |TAMS 0x000000008f900000, 0x000000008f900000| Untracked 
| 210|0x000000008fa00000, 0x000000008fa00000, 0x000000008fb00000|  0%| F|  |TAMS 0x000000008fa00000, 0x000000008fa00000| Untracked 
| 211|0x000000008fb00000, 0x000000008fb00000, 0x000000008fc00000|  0%| F|  |TAMS 0x000000008fb00000, 0x000000008fb00000| Untracked 
| 212|0x000000008fc00000, 0x000000008fc00000, 0x000000008fd00000|  0%| F|  |TAMS 0x000000008fc00000, 0x000000008fc00000| Untracked 
| 213|0x000000008fd00000, 0x000000008fd00000, 0x000000008fe00000|  0%| F|  |TAMS 0x000000008fd00000, 0x000000008fd00000| Untracked 
| 214|0x000000008fe00000, 0x000000008fe00000, 0x000000008ff00000|  0%| F|  |TAMS 0x000000008fe00000, 0x000000008fe00000| Untracked 
| 215|0x000000008ff00000, 0x000000008ff00000, 0x0000000090000000|  0%| F|  |TAMS 0x000000008ff00000, 0x000000008ff00000| Untracked 

Card table byte_map: [0x000001f4ed4d0000,0x000001f4ed8c0000] _byte_map_base: 0x000001f4ed0bc000

Marking Bits (Prev, Next): (CMBitMap*) 0x000001f4e28aea80, (CMBitMap*) 0x000001f4e28aea40
 Prev Bits: [0x000001f4efc10000, 0x000001f4f1b70000)
 Next Bits: [0x000001f4edcb0000, 0x000001f4efc10000)

Polling page: 0x000001f4e2010000

Metaspace:

Usage:
  Non-class:     63.57 MB used.
      Class:     11.18 MB used.
       Both:     74.74 MB used.

Virtual space:
  Non-class space:      128.00 MB reserved,      63.94 MB ( 50%) committed,  2 nodes.
      Class space:        1.00 GB reserved,      11.56 MB (  1%) committed,  1 nodes.
             Both:        1.12 GB reserved,      75.50 MB (  7%) committed. 

Chunk freelists:
   Non-Class:  15.72 MB
       Class:  4.30 MB
        Both:  20.01 MB

MaxMetaspaceSize: unlimited
CompressedClassSpaceSize: 1.00 GB
Initial GC threshold: 21.00 MB
Current GC threshold: 87.00 MB
CDS: on
MetaspaceReclaimPolicy: balanced
 - commit_granule_bytes: 65536.
 - commit_granule_words: 8192.
 - virtual_space_node_default_size: 8388608.
 - enlarge_chunks_in_place: 1.
 - new_chunks_are_fully_committed: 0.
 - uncommit_free_chunks: 1.
 - use_allocation_guard: 0.
 - handle_deallocations: 1.


Internal statistics:

num_allocs_failed_limit: 9.
num_arena_births: 1064.
num_arena_deaths: 0.
num_vsnodes_births: 3.
num_vsnodes_deaths: 0.
num_space_committed: 1208.
num_space_uncommitted: 0.
num_chunks_returned_to_freelist: 9.
num_chunks_taken_from_freelist: 3994.
num_chunk_merges: 9.
num_chunk_splits: 2863.
num_chunks_enlarged: 2169.
num_inconsistent_stats: 0.

CodeCache: size=49152Kb used=21571Kb max_used=22424Kb free=27580Kb
 bounds [0x000001f4ea0e0000, 0x000001f4eb6d0000, 0x000001f4ed0e0000]
 total_blobs=13444 nmethods=12742 adapters=625
 compilation: enabled
              stopped_count=0, restarted_count=0
 full_count=0

Compilation events (20 events):
Event: 486.671 Thread 0x000001f4f3f2a210 12739       1       java.net.Inet6Address::<init> (25 bytes)
Event: 486.738 Thread 0x000001f4f3f2a210 nmethod 12739 0x000001f4eb508a10 code [0x000001f4eb508bc0, 0x000001f4eb508f98]
Event: 486.738 Thread 0x000001f4f3f2a210 12740       1       sun.util.calendar.CalendarDate::setZone (7 bytes)
Event: 486.739 Thread 0x000001f4f3f2a210 nmethod 12740 0x000001f4eb508710 code [0x000001f4eb5088a0, 0x000001f4eb5089b8]
Event: 489.726 Thread 0x000001f4f3f2a210 12741       1       sun.util.locale.provider.LocaleServiceProviderPool::getPool (48 bytes)
Event: 490.339 Thread 0x000001f4f3f2a210 nmethod 12741 0x000001f4eb508110 code [0x000001f4eb5082c0, 0x000001f4eb5085f8]
Event: 491.851 Thread 0x000001f4f3f2a210 12742       1       java.nio.channels.spi.AbstractSelectableChannel::provider (5 bytes)
Event: 491.926 Thread 0x000001f4f3f2a210 nmethod 12742 0x000001f4eb507e10 code [0x000001f4eb507fa0, 0x000001f4eb508078]
Event: 491.926 Thread 0x000001f4f3f2a210 12743       1       sun.nio.ch.SocketChannelImpl::isUnixSocket (16 bytes)
Event: 491.943 Thread 0x000001f4f3f2a210 nmethod 12743 0x000001f4eb507b10 code [0x000001f4eb507ca0, 0x000001f4eb507d98]
Event: 494.555 Thread 0x000001f4f3f2a210 12744       1       org.apache.tomcat.util.net.SocketProperties::getAppReadBufSize (5 bytes)
Event: 495.508 Thread 0x000001f4f3f2a210 nmethod 12744 0x000001f4eb507810 code [0x000001f4eb5079a0, 0x000001f4eb507a78]
Event: 495.624 Thread 0x000001f4f3f2a210 12748       1       java.util.concurrent.Semaphore::<init> (17 bytes)
Event: 495.713 Thread 0x000001f4f3f2a210 nmethod 12748 0x000001f4eb507490 code [0x000001f4eb507620, 0x000001f4eb507798]
Event: 495.736 Thread 0x000001f4f81b9040 12754       1       org.apache.tomcat.util.http.ConcurrentDateFormat::format (41 bytes)
Event: 498.962 Thread 0x000001f4f3f2a210 12755       1       org.apache.tomcat.util.net.SocketWrapperBase::reset (6 bytes)
Event: 500.186 Thread 0x000001f4f3f2a210 nmethod 12755 0x000001f4eb507190 code [0x000001f4eb507320, 0x000001f4eb507438]
Event: 500.186 Thread 0x000001f4f3f2a210 12756       1       sun.nio.ch.SocketChannelImpl::tryClose (76 bytes)
Event: 500.380 Thread 0x000001f4f81b9040 nmethod 12754 0x000001f4eb506990 code [0x000001f4eb506b80, 0x000001f4eb506ec8]
Event: 500.808 Thread 0x000001f4f3f2a210 nmethod 12756 0x000001f4eb506490 code [0x000001f4eb506640, 0x000001f4eb506888]

GC Heap History (20 events):
Event: 436.327 GC heap after
{Heap after GC invocations=38 (full 0):
 garbage-first heap   total 172032K, used 41302K [0x0000000082800000, 0x0000000100000000)
  region size 1024K, 1 young (1024K), 1 survivors (1024K)
 Metaspace       used 76537K, committed 77312K, reserved 1179648K
  class space    used 11444K, committed 11840K, reserved 1048576K
}
Event: 444.503 GC heap before
{Heap before GC invocations=38 (full 0):
 garbage-first heap   total 172032K, used 142678K [0x0000000082800000, 0x0000000100000000)
  region size 1024K, 100 young (102400K), 1 survivors (1024K)
 Metaspace       used 76537K, committed 77312K, reserved 1179648K
  class space    used 11444K, committed 11840K, reserved 1048576K
}
Event: 444.617 GC heap after
{Heap after GC invocations=39 (full 0):
 garbage-first heap   total 172032K, used 41329K [0x0000000082800000, 0x0000000100000000)
  region size 1024K, 1 young (1024K), 1 survivors (1024K)
 Metaspace       used 76537K, committed 77312K, reserved 1179648K
  class space    used 11444K, committed 11840K, reserved 1048576K
}
Event: 460.444 GC heap before
{Heap before GC invocations=39 (full 0):
 garbage-first heap   total 172032K, used 142705K [0x0000000082800000, 0x0000000100000000)
  region size 1024K, 100 young (102400K), 1 survivors (1024K)
 Metaspace       used 76537K, committed 77312K, reserved 1179648K
  class space    used 11444K, committed 11840K, reserved 1048576K
}
Event: 460.971 GC heap after
{Heap after GC invocations=40 (full 0):
 garbage-first heap   total 172032K, used 41346K [0x0000000082800000, 0x0000000100000000)
  region size 1024K, 1 young (1024K), 1 survivors (1024K)
 Metaspace       used 76537K, committed 77312K, reserved 1179648K
  class space    used 11444K, committed 11840K, reserved 1048576K
}
Event: 470.037 GC heap before
{Heap before GC invocations=40 (full 0):
 garbage-first heap   total 172032K, used 142722K [0x0000000082800000, 0x0000000100000000)
  region size 1024K, 100 young (102400K), 1 survivors (1024K)
 Metaspace       used 76537K, committed 77312K, reserved 1179648K
  class space    used 11444K, committed 11840K, reserved 1048576K
}
Event: 470.130 GC heap after
{Heap after GC invocations=41 (full 0):
 garbage-first heap   total 172032K, used 41290K [0x0000000082800000, 0x0000000100000000)
  region size 1024K, 1 young (1024K), 1 survivors (1024K)
 Metaspace       used 76537K, committed 77312K, reserved 1179648K
  class space    used 11444K, committed 11840K, reserved 1048576K
}
Event: 486.398 GC heap before
{Heap before GC invocations=41 (full 0):
 garbage-first heap   total 172032K, used 142666K [0x0000000082800000, 0x0000000100000000)
  region size 1024K, 100 young (102400K), 1 survivors (1024K)
 Metaspace       used 76537K, committed 77312K, reserved 1179648K
  class space    used 11444K, committed 11840K, reserved 1048576K
}
Event: 486.399 GC heap after
{Heap after GC invocations=42 (full 0):
 garbage-first heap   total 172032K, used 41309K [0x0000000082800000, 0x0000000100000000)
  region size 1024K, 1 young (1024K), 1 survivors (1024K)
 Metaspace       used 76537K, committed 77312K, reserved 1179648K
  class space    used 11444K, committed 11840K, reserved 1048576K
}
Event: 494.617 GC heap before
{Heap before GC invocations=42 (full 0):
 garbage-first heap   total 172032K, used 142685K [0x0000000082800000, 0x0000000100000000)
  region size 1024K, 100 young (102400K), 1 survivors (1024K)
 Metaspace       used 76537K, committed 77312K, reserved 1179648K
  class space    used 11444K, committed 11840K, reserved 1048576K
}
Event: 495.279 GC heap after
{Heap after GC invocations=43 (full 0):
 garbage-first heap   total 172032K, used 41321K [0x0000000082800000, 0x0000000100000000)
  region size 1024K, 1 young (1024K), 1 survivors (1024K)
 Metaspace       used 76537K, committed 77312K, reserved 1179648K
  class space    used 11444K, committed 11840K, reserved 1048576K
}
Event: 508.701 GC heap before
{Heap before GC invocations=43 (full 0):
 garbage-first heap   total 172032K, used 142697K [0x0000000082800000, 0x0000000100000000)
  region size 1024K, 100 young (102400K), 1 survivors (1024K)
 Metaspace       used 76537K, committed 77312K, reserved 1179648K
  class space    used 11444K, committed 11840K, reserved 1048576K
}
Event: 510.920 GC heap after
{Heap after GC invocations=44 (full 0):
 garbage-first heap   total 221184K, used 41319K [0x0000000082800000, 0x0000000100000000)
  region size 1024K, 1 young (1024K), 1 survivors (1024K)
 Metaspace       used 76537K, committed 77312K, reserved 1179648K
  class space    used 11444K, committed 11840K, reserved 1048576K
}
Event: 524.874 GC heap before
{Heap before GC invocations=44 (full 0):
 garbage-first heap   total 221184K, used 50535K [0x0000000082800000, 0x0000000100000000)
  region size 1024K, 10 young (10240K), 1 survivors (1024K)
 Metaspace       used 76537K, committed 77312K, reserved 1179648K
  class space    used 11444K, committed 11840K, reserved 1048576K
}
Event: 525.758 GC heap after
{Heap after GC invocations=45 (full 0):
 garbage-first heap   total 221184K, used 41294K [0x0000000082800000, 0x0000000100000000)
  region size 1024K, 1 young (1024K), 1 survivors (1024K)
 Metaspace       used 76537K, committed 77312K, reserved 1179648K
  class space    used 11444K, committed 11840K, reserved 1048576K
}
Event: 526.192 GC heap before
{Heap before GC invocations=45 (full 0):
 garbage-first heap   total 221184K, used 50510K [0x0000000082800000, 0x0000000100000000)
  region size 1024K, 10 young (10240K), 1 survivors (1024K)
 Metaspace       used 76537K, committed 77312K, reserved 1179648K
  class space    used 11444K, committed 11840K, reserved 1048576K
}
Event: 526.255 GC heap after
{Heap after GC invocations=46 (full 0):
 garbage-first heap   total 221184K, used 41279K [0x0000000082800000, 0x0000000100000000)
  region size 1024K, 1 young (1024K), 1 survivors (1024K)
 Metaspace       used 76537K, committed 77312K, reserved 1179648K
  class space    used 11444K, committed 11840K, reserved 1048576K
}
Event: 526.684 GC heap before
{Heap before GC invocations=46 (full 0):
 garbage-first heap   total 221184K, used 50495K [0x0000000082800000, 0x0000000100000000)
  region size 1024K, 10 young (10240K), 1 survivors (1024K)
 Metaspace       used 76537K, committed 77312K, reserved 1179648K
  class space    used 11444K, committed 11840K, reserved 1048576K
}
Event: 527.051 GC heap after
{Heap after GC invocations=47 (full 0):
 garbage-first heap   total 221184K, used 41329K [0x0000000082800000, 0x0000000100000000)
  region size 1024K, 1 young (1024K), 1 survivors (1024K)
 Metaspace       used 76537K, committed 77312K, reserved 1179648K
  class space    used 11444K, committed 11840K, reserved 1048576K
}
Event: 527.589 GC heap before
{Heap before GC invocations=47 (full 0):
 garbage-first heap   total 221184K, used 50545K [0x0000000082800000, 0x0000000100000000)
  region size 1024K, 10 young (10240K), 1 survivors (1024K)
 Metaspace       used 76537K, committed 77312K, reserved 1179648K
  class space    used 11444K, committed 11840K, reserved 1048576K
}

Deoptimization events (10 events):
Event: 1.583 Thread 0x000001f4f8c670a0 DEOPT PACKING pc=0x000001f4ea638319 sp=0x000000266c4fcbb0
Event: 1.583 Thread 0x000001f4f8c670a0 DEOPT UNPACKING pc=0x000001f4ea132b43 sp=0x000000266c4fc090 mode 3
Event: 1.745 Thread 0x000001f4f8c670a0 DEOPT PACKING pc=0x000001f4ea6816d5 sp=0x000000266c4fd1e0
Event: 1.745 Thread 0x000001f4f8c670a0 DEOPT UNPACKING pc=0x000001f4ea132b43 sp=0x000000266c4fc688 mode 3
Event: 3.249 Thread 0x000001f4f8c670a0 DEOPT PACKING pc=0x000001f4ea93b59d sp=0x000000266c4fcb90
Event: 3.249 Thread 0x000001f4f8c670a0 DEOPT UNPACKING pc=0x000001f4ea132b43 sp=0x000000266c4fc0f8 mode 3
Event: 7.452 Thread 0x000001f4f8c670a0 DEOPT PACKING pc=0x000001f4ead71c19 sp=0x000000266c4fc510
Event: 7.452 Thread 0x000001f4f8c670a0 DEOPT UNPACKING pc=0x000001f4ea132b43 sp=0x000000266c4fb9f0 mode 3
Event: 272.988 Thread 0x000001f4fb152310 DEOPT PACKING pc=0x000001f4eb532033 sp=0x000000266daf82d0
Event: 272.989 Thread 0x000001f4fb152310 DEOPT UNPACKING pc=0x000001f4ea132b43 sp=0x000000266daf77f8 mode 3

Classes unloaded (0 events):
No events

Classes redefined (0 events):
No events

Internal exceptions (20 events):
Event: 62.104 Thread 0x000001f4fb14f580 Exception <a 'java/lang/IncompatibleClassChangeError'{0x0000000087625610}: Found class java.lang.Object, but interface was expected> (0x0000000087625610) 
thrown [s\open\src\hotspot\share\interpreter\linkResolver.cpp, line 826]
Event: 62.153 Thread 0x000001f4fb14f580 StackOverflowError at 0x000001f4ea1f2660
Event: 62.153 Thread 0x000001f4fb14f580 Exception <a 'java/lang/StackOverflowError'{0x000000008ce948b0}> (0x000000008ce948b0) 
thrown [s\open\src\hotspot\share\runtime\sharedRuntime.cpp, line 631]
Event: 126.511 Thread 0x000001f4fb1564e0 StackOverflowError at 0x000001f4ea32a260
Event: 126.511 Thread 0x000001f4fb1564e0 Exception <a 'java/lang/StackOverflowError'{0x000000008bd18fd8}> (0x000000008bd18fd8) 
thrown [s\open\src\hotspot\share\runtime\sharedRuntime.cpp, line 631]
Event: 218.005 Thread 0x000001f4fb1564e0 Exception <a 'java/io/IOException'{0x0000000088cf4198}> (0x0000000088cf4198) 
thrown [s\open\src\hotspot\share\prims\jni.cpp, line 516]
Event: 218.005 Thread 0x000001f4fb155ac0 Exception <a 'java/io/IOException'{0x0000000088cc0290}> (0x0000000088cc0290) 
thrown [s\open\src\hotspot\share\prims\jni.cpp, line 516]
Event: 218.005 Thread 0x000001f4fb155fd0 Exception <a 'java/io/IOException'{0x0000000088d22550}> (0x0000000088d22550) 
thrown [s\open\src\hotspot\share\prims\jni.cpp, line 516]
Event: 218.005 Thread 0x000001f4fb153240 Exception <a 'java/io/IOException'{0x0000000088c919b8}> (0x0000000088c919b8) 
thrown [s\open\src\hotspot\share\prims\jni.cpp, line 516]
Event: 218.806 Thread 0x000001f4fb14f070 Exception <a 'java/io/IOException'{0x0000000088b19050}> (0x0000000088b19050) 
thrown [s\open\src\hotspot\share\prims\jni.cpp, line 516]
Event: 263.573 Thread 0x000001f4fb14f580 Exception <a 'java/io/IOException'{0x0000000088ebf2b8}> (0x0000000088ebf2b8) 
thrown [s\open\src\hotspot\share\prims\jni.cpp, line 516]
Event: 263.713 Thread 0x000001f4fb1555b0 Exception <a 'java/io/IOException'{0x0000000088c226c8}> (0x0000000088c226c8) 
thrown [s\open\src\hotspot\share\prims\jni.cpp, line 516]
Event: 264.727 Thread 0x000001f4fb154b90 StackOverflowError at 0x000001f4ea32a260
Event: 264.728 Thread 0x000001f4fb154b90 Exception <a 'java/lang/StackOverflowError'{0x000000008804c6b8}> (0x000000008804c6b8) 
thrown [s\open\src\hotspot\share\runtime\sharedRuntime.cpp, line 631]
Event: 272.598 Thread 0x000001f4fb152310 StackOverflowError at 0x000001f4ea1f2660
Event: 272.598 Thread 0x000001f4fb152310 Exception <a 'java/lang/StackOverflowError'{0x00000000874d68e8}> (0x00000000874d68e8) 
thrown [s\open\src\hotspot\share\runtime\sharedRuntime.cpp, line 631]
Event: 272.601 Thread 0x000001f4fb150ed0 StackOverflowError at 0x000001f4ea1f2660
Event: 272.601 Thread 0x000001f4fb150ed0 Exception <a 'java/lang/StackOverflowError'{0x00000000873d4000}> (0x00000000873d4000) 
thrown [s\open\src\hotspot\share\runtime\sharedRuntime.cpp, line 631]
Event: 273.367 Thread 0x000001f4fb154b90 Exception <a 'java/io/IOException'{0x000000008720b498}> (0x000000008720b498) 
thrown [s\open\src\hotspot\share\prims\jni.cpp, line 516]
Event: 273.376 Thread 0x000001f4fb152310 Exception <a 'java/io/IOException'{0x0000000087233970}> (0x0000000087233970) 
thrown [s\open\src\hotspot\share\prims\jni.cpp, line 516]

VM Operations (20 events):
Event: 459.776 Executing VM operation: Cleanup done
Event: 460.444 Executing VM operation: G1CollectForAllocation
Event: 460.972 Executing VM operation: G1CollectForAllocation done
Event: 470.037 Executing VM operation: G1CollectForAllocation
Event: 470.130 Executing VM operation: G1CollectForAllocation done
Event: 486.398 Executing VM operation: G1CollectForAllocation
Event: 486.399 Executing VM operation: G1CollectForAllocation done
Event: 494.602 Executing VM operation: G1CollectForAllocation
Event: 495.279 Executing VM operation: G1CollectForAllocation done
Event: 507.357 Executing VM operation: Cleanup
Event: 507.357 Executing VM operation: Cleanup done
Event: 508.701 Executing VM operation: G1CollectForAllocation
Event: 510.921 Executing VM operation: G1CollectForAllocation done
Event: 524.874 Executing VM operation: G1CollectForAllocation
Event: 525.758 Executing VM operation: G1CollectForAllocation done
Event: 526.192 Executing VM operation: G1CollectForAllocation
Event: 526.255 Executing VM operation: G1CollectForAllocation done
Event: 526.684 Executing VM operation: G1CollectForAllocation
Event: 527.052 Executing VM operation: G1CollectForAllocation done
Event: 527.589 Executing VM operation: G1CollectForAllocation

Events (20 events):
Event: 130.830 Thread 0x000001f4f81b9ae0 Thread exited: 0x000001f4f81b9ae0
Event: 131.964 Thread 0x000001f4f81b9040 Thread added: 0x000001f4f81b9040
Event: 133.450 Thread 0x000001f4f81b9040 Thread exited: 0x000001f4f81b9040
Event: 133.461 Thread 0x000001f4f81b7060 Thread exited: 0x000001f4f81b7060
Event: 133.947 Thread 0x000001f4f81b9590 Thread added: 0x000001f4f81b9590
Event: 133.947 Thread 0x000001f4f81b9040 Thread added: 0x000001f4f81b9040
Event: 142.056 Thread 0x000001f4f81b9590 Thread exited: 0x000001f4f81b9590
Event: 142.056 Thread 0x000001f4f81b9040 Thread exited: 0x000001f4f81b9040
Event: 144.869 Thread 0x000001f4f81b9040 Thread added: 0x000001f4f81b9040
Event: 144.870 Thread 0x000001f4f81b9590 Thread added: 0x000001f4f81b9590
Event: 148.376 Thread 0x000001f4f81b9590 Thread exited: 0x000001f4f81b9590
Event: 148.377 Thread 0x000001f4f81b9590 Thread added: 0x000001f4f81b9590
Event: 150.227 Thread 0x000001f4f81b9590 Thread exited: 0x000001f4f81b9590
Event: 150.228 Thread 0x000001f4f81b9590 Thread added: 0x000001f4f81b9590
Event: 151.439 Thread 0x000001f4f81b9040 Thread exited: 0x000001f4f81b9040
Event: 151.439 Thread 0x000001f4f81b9590 Thread exited: 0x000001f4f81b9590
Event: 256.518 Thread 0x000001f4f8c6a340 Thread exited: 0x000001f4f8c6a340
Event: 263.404 Thread 0x000001f4fb1518f0 Thread added: 0x000001f4fb1518f0
Event: 495.525 Thread 0x000001f4f81b9040 Thread added: 0x000001f4f81b9040
Event: 505.389 Thread 0x000001f4f81b9040 Thread exited: 0x000001f4f81b9040


Dynamic libraries:
0x00007ff798f60000 - 0x00007ff798f70000 	C:\Program Files\Java\jdk-17.0.9\bin\javaw.exe
0x00007ffeceef0000 - 0x00007ffecf107000 	C:\WINDOWS\SYSTEM32\ntdll.dll
0x00007ffecd390000 - 0x00007ffecd454000 	C:\WINDOWS\System32\KERNEL32.DLL
0x00007ffecc120000 - 0x00007ffecc4f1000 	C:\WINDOWS\System32\KERNELBASE.dll
0x00007ffecca00000 - 0x00007ffeccb11000 	C:\WINDOWS\System32\ucrtbase.dll
0x00007ffec6690000 - 0x00007ffec66a9000 	C:\Program Files\Java\jdk-17.0.9\bin\jli.dll
0x00007ffec66b0000 - 0x00007ffec66cb000 	C:\Program Files\Java\jdk-17.0.9\bin\VCRUNTIME140.dll
0x00007ffecd820000 - 0x00007ffecd8d1000 	C:\WINDOWS\System32\ADVAPI32.dll
0x00007ffeceb40000 - 0x00007ffecebe7000 	C:\WINDOWS\System32\msvcrt.dll
0x00007ffece0f0000 - 0x00007ffece197000 	C:\WINDOWS\System32\sechost.dll
0x00007ffecc8b0000 - 0x00007ffecc8d8000 	C:\WINDOWS\System32\bcrypt.dll
0x00007ffecebf0000 - 0x00007ffeced04000 	C:\WINDOWS\System32\RPCRT4.dll
0x00007ffecd520000 - 0x00007ffecd6d1000 	C:\WINDOWS\System32\USER32.dll
0x00007ffecc030000 - 0x00007ffecc056000 	C:\WINDOWS\System32\win32u.dll
0x00007ffecd6e0000 - 0x00007ffecd709000 	C:\WINDOWS\System32\GDI32.dll
0x00007ffecc8e0000 - 0x00007ffecc9fb000 	C:\WINDOWS\System32\gdi32full.dll
0x00007ffeccb20000 - 0x00007ffeccbba000 	C:\WINDOWS\System32\msvcp_win.dll
0x00007ffebb1f0000 - 0x00007ffebb482000 	C:\WINDOWS\WinSxS\amd64_microsoft.windows.common-controls_6595b64144ccf1df_6.0.22621.4830_none_270fe7d773858e80\COMCTL32.dll
0x00007ffec4350000 - 0x00007ffec435a000 	C:\WINDOWS\SYSTEM32\VERSION.dll
0x00007ffecd4e0000 - 0x00007ffecd511000 	C:\WINDOWS\System32\IMM32.DLL
0x00007ffec7630000 - 0x00007ffec763c000 	C:\Program Files\Java\jdk-17.0.9\bin\vcruntime140_1.dll
0x00007ffeb5f00000 - 0x00007ffeb5f8e000 	C:\Program Files\Java\jdk-17.0.9\bin\msvcp140.dll
0x00007ffe83940000 - 0x00007ffe84521000 	C:\Program Files\Java\jdk-17.0.9\bin\server\jvm.dll
0x00007ffeccbc0000 - 0x00007ffeccbc8000 	C:\WINDOWS\System32\PSAPI.DLL
0x00007ffec5fb0000 - 0x00007ffec5fe4000 	C:\WINDOWS\SYSTEM32\WINMM.dll
0x00007ffe7ea90000 - 0x00007ffe7ea99000 	C:\WINDOWS\SYSTEM32\WSOCK32.dll
0x00007ffecd460000 - 0x00007ffecd4d1000 	C:\WINDOWS\System32\WS2_32.dll
0x00007ffecb040000 - 0x00007ffecb058000 	C:\WINDOWS\SYSTEM32\kernel.appcore.dll
0x00007ffec6680000 - 0x00007ffec668a000 	C:\Program Files\Java\jdk-17.0.9\bin\jimage.dll
0x00007ffeb7690000 - 0x00007ffeb78c2000 	C:\WINDOWS\SYSTEM32\DBGHELP.DLL
0x00007ffecdd60000 - 0x00007ffece0f0000 	C:\WINDOWS\System32\combase.dll
0x00007ffeccd30000 - 0x00007ffecce07000 	C:\WINDOWS\System32\OLEAUT32.dll
0x00007ffea60e0000 - 0x00007ffea6112000 	C:\WINDOWS\SYSTEM32\dbgcore.DLL
0x00007ffecc640000 - 0x00007ffecc6bb000 	C:\WINDOWS\System32\bcryptPrimitives.dll
0x00007ffec6630000 - 0x00007ffec6655000 	C:\Program Files\Java\jdk-17.0.9\bin\java.dll
0x00007ffeb5e20000 - 0x00007ffeb5ef7000 	C:\Program Files\Java\jdk-17.0.9\bin\jsvml.dll
0x00007ffece2b0000 - 0x00007ffeceb38000 	C:\WINDOWS\System32\SHELL32.dll
0x00007ffecc500000 - 0x00007ffecc63f000 	C:\WINDOWS\System32\wintypes.dll
0x00007ffec9f40000 - 0x00007ffeca84d000 	C:\WINDOWS\SYSTEM32\windows.storage.dll
0x00007ffece1a0000 - 0x00007ffece2aa000 	C:\WINDOWS\System32\SHCORE.dll
0x00007ffecd330000 - 0x00007ffecd38e000 	C:\WINDOWS\System32\shlwapi.dll
0x00007ffecbf60000 - 0x00007ffecbf8b000 	C:\WINDOWS\SYSTEM32\profapi.dll
0x00007ffeb5e00000 - 0x00007ffeb5e19000 	C:\Program Files\Java\jdk-17.0.9\bin\net.dll
0x00007ffec5e80000 - 0x00007ffec5fac000 	C:\WINDOWS\SYSTEM32\WINHTTP.dll
0x00007ffecb4b0000 - 0x00007ffecb51a000 	C:\WINDOWS\system32\mswsock.dll
0x00007ffeb5de0000 - 0x00007ffeb5df6000 	C:\Program Files\Java\jdk-17.0.9\bin\nio.dll
0x00007ffeb5dc0000 - 0x00007ffeb5dd8000 	C:\Program Files\Java\jdk-17.0.9\bin\zip.dll
0x00007ffec6670000 - 0x00007ffec667a000 	C:\Program Files\Java\jdk-17.0.9\bin\management.dll
0x00007ffeb64d0000 - 0x00007ffeb64db000 	C:\Program Files\Java\jdk-17.0.9\bin\management_ext.dll
0x00007ffe7ce50000 - 0x00007ffe7ce67000 	C:\WINDOWS\system32\napinsp.dll
0x00007ffe7ce30000 - 0x00007ffe7ce4b000 	C:\WINDOWS\system32\pnrpnsp.dll
0x00007ffecab20000 - 0x00007ffecac22000 	C:\WINDOWS\SYSTEM32\DNSAPI.dll
0x00007ffecaaf0000 - 0x00007ffecab1d000 	C:\WINDOWS\SYSTEM32\IPHLPAPI.DLL
0x00007ffecd300000 - 0x00007ffecd309000 	C:\WINDOWS\System32\NSI.dll
0x00007ffe7ce10000 - 0x00007ffe7ce21000 	C:\WINDOWS\System32\winrnr.dll
0x00007ffea9dd0000 - 0x00007ffea9de5000 	C:\WINDOWS\system32\wshbth.dll
0x00007ffe7cde0000 - 0x00007ffe7ce07000 	C:\WINDOWS\system32\nlansp_c.dll
0x00007ffeb3820000 - 0x00007ffeb382a000 	C:\Windows\System32\rasadhlp.dll
0x00007ffec4170000 - 0x00007ffec41f3000 	C:\WINDOWS\System32\fwpuclnt.dll
0x00007ffecb6e0000 - 0x00007ffecb6fb000 	C:\WINDOWS\SYSTEM32\CRYPTSP.dll
0x00007ffecafa0000 - 0x00007ffecafd7000 	C:\WINDOWS\system32\rsaenh.dll
0x00007ffecb570000 - 0x00007ffecb598000 	C:\WINDOWS\SYSTEM32\USERENV.dll
0x00007ffecb6d0000 - 0x00007ffecb6dc000 	C:\WINDOWS\SYSTEM32\CRYPTBASE.dll
0x00007ffec6000000 - 0x00007ffec6019000 	C:\WINDOWS\SYSTEM32\dhcpcsvc6.DLL
0x00007ffec5e20000 - 0x00007ffec5e3f000 	C:\WINDOWS\SYSTEM32\dhcpcsvc.DLL
0x00007ffeb5da0000 - 0x00007ffeb5dae000 	C:\Program Files\Java\jdk-17.0.9\bin\sunmscapi.dll
0x00007ffecc6c0000 - 0x00007ffecc826000 	C:\WINDOWS\System32\CRYPT32.dll
0x00007ffecb900000 - 0x00007ffecb92d000 	C:\WINDOWS\SYSTEM32\ncrypt.dll
0x00007ffecb8c0000 - 0x00007ffecb8f7000 	C:\WINDOWS\SYSTEM32\NTASN1.dll
0x00007ffeb5d90000 - 0x00007ffeb5da0000 	C:\Program Files\Java\jdk-17.0.9\bin\verify.dll
0x00007ffec6020000 - 0x00007ffec6028000 	C:\WINDOWS\system32\wshunix.dll

dbghelp: loaded successfully - version: 4.0.5 - missing functions: none
symbol engine: initialized successfully - sym options: 0x614 - pdb path: .;C:\Program Files\Java\jdk-17.0.9\bin;C:\WINDOWS\SYSTEM32;C:\WINDOWS\WinSxS\amd64_microsoft.windows.common-controls_6595b64144ccf1df_6.0.22621.4830_none_270fe7d773858e80;C:\Program Files\Java\jdk-17.0.9\bin\server

VM Arguments:
jvm_args: -Dcom.sun.management.jmxremote -Dcom.sun.management.jmxremote.port=61714 -Dcom.sun.management.jmxremote.authenticate=false -Dcom.sun.management.jmxremote.ssl=false -Djava.rmi.server.hostname=localhost -Dspring.jmx.enabled=true -Dmanagement.endpoints.jmx.exposure.include=* -Dspring.application.admin.enabled=true -XX:TieredStopAtLevel=1 -Dspring.boot.project.name=AgenceUniversiteItalie-Back -Dfile.encoding=UTF-8 -XX:+ShowCodeDetailsInExceptionMessages 
java_command: Agence.AgenceUniversiteItalie_backEnd.AgenceUniversiteItalieBackEndApplication --spring.output.ansi.enabled=always
java_class_path (initial): C:\Users\Asus2\Desktop\AgenceUniversiteItalie-Back\target\classes;C:\Users\Asus2\.m2\repository\org\springframework\boot\spring-boot-starter-data-jpa\3.4.3\spring-boot-starter-data-jpa-3.4.3.jar;C:\Users\Asus2\.m2\repository\org\springframework\boot\spring-boot-starter\3.4.3\spring-boot-starter-3.4.3.jar;C:\Users\Asus2\.m2\repository\org\springframework\boot\spring-boot-starter-logging\3.4.3\spring-boot-starter-logging-3.4.3.jar;C:\Users\Asus2\.m2\repository\ch\qos\logback\logback-classic\1.5.16\logback-classic-1.5.16.jar;C:\Users\Asus2\.m2\repository\ch\qos\logback\logback-core\1.5.16\logback-core-1.5.16.jar;C:\Users\Asus2\.m2\repository\org\apache\logging\log4j\log4j-to-slf4j\2.24.3\log4j-to-slf4j-2.24.3.jar;C:\Users\Asus2\.m2\repository\org\apache\logging\log4j\log4j-api\2.24.3\log4j-api-2.24.3.jar;C:\Users\Asus2\.m2\repository\org\slf4j\jul-to-slf4j\2.0.16\jul-to-slf4j-2.0.16.jar;C:\Users\Asus2\.m2\repository\jakarta\annotation\jakarta.annotation-api\2.1.1\jakarta.annotation-api-2.1.1.jar;C:\Users\Asus2\.m2\repository\org\yaml\snakeyaml\2.3\snakeyaml-2.3.jar;C:\Users\Asus2\.m2\repository\org\springframework\boot\spring-boot-starter-jdbc\3.4.3\spring-boot-starter-jdbc-3.4.3.jar;C:\Users\Asus2\.m2\repository\com\zaxxer\HikariCP\5.1.0\HikariCP-5.1.0.jar;C:\Users\Asus2\.m2\repository\org\springframework\spring-jdbc\6.2.3\spring-jdbc-6.2.3.jar;C:\Users\Asus2\.m2\repository\org\hibernate\orm\hibernate-core\6.6.8.Final\hibernate-core-6.6.8.Final.jar;C:\Users\Asus2\.m2\repository\jakarta\persistence\jakarta.persistence-api\3.1.0\jakarta.persistence-api-3.1.0.jar;C:\Users\Asus2\.m2\repository\jakarta\transaction\jakarta.transaction-api\2.0.1\jakarta.transaction-api-2.0.1.jar;C:\Users\Asus2\.m2\repository\org\jboss\logging\jboss-logging\3.6.1.Final\jboss-logging-3.6.1.Final.jar;C:\Users\Asus2\.m2\repository\org\hibernate\common\hibernate-commons-annotations\7.0.3.Final\hibernate-commons-annotations-7.0.3.Final.jar;C:\Users\Asus2\.m2\repository
Launcher Type: SUN_STANDARD

[Global flags]
     intx CICompilerCount                          = 3                                         {product} {ergonomic}
     uint ConcGCThreads                            = 1                                         {product} {ergonomic}
     uint G1ConcRefinementThreads                  = 4                                         {product} {ergonomic}
   size_t G1HeapRegionSize                         = 1048576                                   {product} {ergonomic}
    uintx GCDrainStackTargetSize                   = 64                                        {product} {ergonomic}
   size_t InitialHeapSize                          = 132120576                                 {product} {ergonomic}
     bool ManagementServer                         = true                                      {product} {command line}
   size_t MarkStackSize                            = 4194304                                   {product} {ergonomic}
   size_t MaxHeapSize                              = 2105540608                                {product} {ergonomic}
   size_t MaxNewSize                               = 1262485504                                {product} {ergonomic}
   size_t MinHeapDeltaBytes                        = 1048576                                   {product} {ergonomic}
   size_t MinHeapSize                              = 8388608                                   {product} {ergonomic}
    uintx NonProfiledCodeHeapSize                  = 0                                      {pd product} {ergonomic}
     bool ProfileInterpreter                       = false                                  {pd product} {command line}
    uintx ProfiledCodeHeapSize                     = 0                                      {pd product} {ergonomic}
     bool ShowCodeDetailsInExceptionMessages       = true                                   {manageable} {command line}
   size_t SoftMaxHeapSize                          = 2105540608                             {manageable} {ergonomic}
     intx TieredStopAtLevel                        = 1                                         {product} {command line}
     bool UseCompressedClassPointers               = true                           {product lp64_product} {ergonomic}
     bool UseCompressedOops                        = true                           {product lp64_product} {ergonomic}
     bool UseG1GC                                  = true                                      {product} {ergonomic}
     bool UseLargePagesIndividualAllocation        = false                                  {pd product} {ergonomic}

Logging:
Log output configuration:
 #0: stdout all=warning uptime,level,tags
 #1: stderr all=off uptime,level,tags

Environment Variables:
JAVA_HOME=C:\Program Files\Java\jdk-17.0.9
PATH=C:/Users/Asus2/Downloads/sts-4.19.0.RELEASE//plugins/org.eclipse.justj.openjdk.hotspot.jre.full.win32.x86_64_17.0.7.v20230425-1502/jre/bin/server;C:/Users/Asus2/Downloads/sts-4.19.0.RELEASE//plugins/org.eclipse.justj.openjdk.hotspot.jre.full.win32.x86_64_17.0.7.v20230425-1502/jre/bin;C:\Program Files\nodejs;C:\Program Files\nodejs\;C:\ProgramData\chocolatey\bin;C:\Program Files\Git\cmd;C:\Program Files\Python312;C:\Users\Asus2\AppData\Local\Programs\Python\Launcher\;C:\Program Files\Java\jdk-17.0.9\bin;C:\Users\Asus2\AppData\Local\Microsoft\WindowsApps;C:\Users\Asus2\AppData\Local\Programs\Microsoft VS Code\bin;C:\Users\Asus2\AppData\Roaming\npm;C:\Users\Asus2\Downloads\sts-4.19.0.RELEASE;
USERNAME=Asus2
OS=Windows_NT
PROCESSOR_IDENTIFIER=Intel64 Family 6 Model 142 Stepping 12, GenuineIntel



---------------  S Y S T E M  ---------------

OS:
 Windows 11 , 64 bit Build 22621 (10.0.22621.4974)
OS uptime: 0 days 1:55 hours
Hyper-V role detected

CPU: total 4 (initial active 4) (2 cores per cpu, 2 threads per core) family 6 model 142 stepping 12 microcode 0xde, cx8, cmov, fxsr, ht, mmx, 3dnowpref, sse, sse2, sse3, ssse3, sse4.1, sse4.2, popcnt, lzcnt, tsc, tscinvbit, avx, avx2, aes, erms, clmul, bmi1, bmi2, adx, fma, vzeroupper, clflush, clflushopt, hv

Memory: 4k page, system-wide physical 8029M (453M free)
TotalPageFile size 32605M (AvailPageFile size 813M)
current process WorkingSet (physical memory assigned to process): 164M, peak: 349M
current process commit charge ("private bytes"): 434M, peak: 742M

vm_info: Java HotSpot(TM) 64-Bit Server VM (17.0.9+11-LTS-201) for windows-amd64 JRE (17.0.9+11-LTS-201), built on Oct 10 2023 23:16:06 by "mach5one" with MS VC++ 17.1 (VS2022)

END.
